Using pre-set license
Built from '2021.3/evg/staging/82bb020e-b03b1330/draft-0' branch; Version is '2021.3.16f1 (4016570cf34f) revision 4200023'; Using compiler version '192829333'; Build Type 'Release'
OS: 'Windows 10  (10.0.19045) 64bit Professional' Language: 'ko' Physical Memory: 32639 MB
BatchMode: 1, IsHumanControllingUs: 0, StartBugReporterOnCrash: 0, Is64bit: 1, IsPro: 1

COMMAND LINE ARGUMENTS:
C:\Program Files\Unity\Hub\Editor\2021.3.16f1\Editor\Unity.exe
-adb2
-batchMode
-noUpm
-name
AssetImportWorker4
-projectPath
C:/SBU/UnityMyGame_01/MyGame01
-logFile
Logs/AssetImportWorker4.log
-srvPort
60276
Successfully changed project path to: C:/SBU/UnityMyGame_01/MyGame01
C:/SBU/UnityMyGame_01/MyGame01
[UnityMemory] Configuration Parameters - Can be set up in boot.config
    "memorysetup-bucket-allocator-granularity=16"
    "memorysetup-bucket-allocator-bucket-count=8"
    "memorysetup-bucket-allocator-block-size=33554432"
    "memorysetup-bucket-allocator-block-count=8"
    "memorysetup-main-allocator-block-size=16777216"
    "memorysetup-thread-allocator-block-size=16777216"
    "memorysetup-gfx-main-allocator-block-size=16777216"
    "memorysetup-gfx-thread-allocator-block-size=16777216"
    "memorysetup-cache-allocator-block-size=4194304"
    "memorysetup-typetree-allocator-block-size=2097152"
    "memorysetup-profiler-bucket-allocator-granularity=16"
    "memorysetup-profiler-bucket-allocator-bucket-count=8"
    "memorysetup-profiler-bucket-allocator-block-size=33554432"
    "memorysetup-profiler-bucket-allocator-block-count=8"
    "memorysetup-profiler-allocator-block-size=16777216"
    "memorysetup-profiler-editor-allocator-block-size=1048576"
    "memorysetup-temp-allocator-size-main=16777216"
    "memorysetup-job-temp-allocator-block-size=2097152"
    "memorysetup-job-temp-allocator-block-size-background=1048576"
    "memorysetup-job-temp-allocator-reduction-small-platforms=262144"
    "memorysetup-temp-allocator-size-background-worker=32768"
    "memorysetup-temp-allocator-size-job-worker=262144"
    "memorysetup-temp-allocator-size-preload-manager=33554432"
    "memorysetup-temp-allocator-size-nav-mesh-worker=65536"
    "memorysetup-temp-allocator-size-audio-worker=65536"
    "memorysetup-temp-allocator-size-cloud-worker=32768"
    "memorysetup-temp-allocator-size-gi-baking-worker=262144"
    "memorysetup-temp-allocator-size-gfx=262144"
Player connection [14572] Host "[IP] 1.224.172.194 [Port] 0 [Flags] 2 [Guid] 612664313 [EditorId] 612664313 [Version] 1048832 [Id] WindowsEditor(7,DESKTOP-6HQLQB0) [Debug] 1 [PackageName] WindowsEditor [ProjectName] Editor" joined multi-casting on [225.0.0.222:54997]...

Player connection [14572] Host "[IP] 1.224.172.194 [Port] 0 [Flags] 2 [Guid] 612664313 [EditorId] 612664313 [Version] 1048832 [Id] WindowsEditor(7,DESKTOP-6HQLQB0) [Debug] 1 [PackageName] WindowsEditor [ProjectName] Editor" joined alternative multi-casting on [225.0.0.222:34997]...

Refreshing native plugins compatible for Editor in 160.94 ms, found 3 plugins.
Preloading 0 native plugins for Editor in 0.00 ms.
Initialize engine version: 2021.3.16f1 (4016570cf34f)
[Subsystems] Discovering subsystems at path C:/Program Files/Unity/Hub/Editor/2021.3.16f1/Editor/Data/Resources/UnitySubsystems
[Subsystems] Discovering subsystems at path C:/SBU/UnityMyGame_01/MyGame01/Assets
GfxDevice: creating device client; threaded=0; jobified=0
Direct3D:
    Version:  Direct3D 11.0 [level 11.1]
    Renderer: NVIDIA GeForce RTX 2080 (ID=0x1e87)
    Vendor:   NVIDIA
    VRAM:     8001 MB
    Driver:   31.0.15.3118
Initialize mono
Mono path[0] = 'C:/Program Files/Unity/Hub/Editor/2021.3.16f1/Editor/Data/Managed'
Mono path[1] = 'C:/Program Files/Unity/Hub/Editor/2021.3.16f1/Editor/Data/MonoBleedingEdge/lib/mono/unityjit-win32'
Mono config path = 'C:/Program Files/Unity/Hub/Editor/2021.3.16f1/Editor/Data/MonoBleedingEdge/etc'
Using monoOptions --debugger-agent=transport=dt_socket,embedding=1,server=y,suspend=n,address=127.0.0.1:56568
Begin MonoManager ReloadAssembly
Registering precompiled unity dll's ...
Register platform support module: C:/Program Files/Unity/Hub/Editor/2021.3.16f1/Editor/Data/PlaybackEngines/AndroidPlayer/UnityEditor.Android.Extensions.dll
Register platform support module: C:/Program Files/Unity/Hub/Editor/2021.3.16f1/Editor/Data/PlaybackEngines/WindowsStandaloneSupport/UnityEditor.WindowsStandalone.Extensions.dll
Registered in 0.008427 seconds.
Native extension for WindowsStandalone target not found
Native extension for Android target not found
Refreshing native plugins compatible for Editor in 146.21 ms, found 3 plugins.
Preloading 0 native plugins for Editor in 0.00 ms.
Mono: successfully reloaded assembly
- Completed reload, in  0.788 seconds
Domain Reload Profiling:
	ReloadAssembly (788ms)
		BeginReloadAssembly (72ms)
			ExecutionOrderSort (0ms)
			DisableScriptedObjects (0ms)
			BackupInstance (0ms)
			ReleaseScriptingObjects (0ms)
			CreateAndSetChildDomain (1ms)
		EndReloadAssembly (590ms)
			LoadAssemblies (72ms)
			RebuildTransferFunctionScriptingTraits (0ms)
			SetupTypeCache (121ms)
			ReleaseScriptCaches (0ms)
			RebuildScriptCaches (44ms)
			SetupLoadedEditorAssemblies (362ms)
				LogAssemblyErrors (0ms)
				InitializePlatformSupportModulesInManaged (60ms)
				SetLoadedEditorAssemblies (0ms)
				RefreshPlugins (146ms)
				BeforeProcessingInitializeOnLoad (2ms)
				ProcessInitializeOnLoadAttributes (99ms)
				ProcessInitializeOnLoadMethodAttributes (54ms)
				AfterProcessingInitializeOnLoad (0ms)
				EditorAssembliesLoaded (0ms)
			ExecutionOrderSort2 (0ms)
			AwakeInstancesAfterBackupRestoration (0ms)
Platform modules already initialized, skipping
Registering precompiled user dll's ...
Registered in 0.022602 seconds.
Begin MonoManager ReloadAssembly
Symbol file LoadedFromMemory doesn't match image C:\SBU\UnityMyGame_01\MyGame01\Library\PackageCache\com.unity.visualscripting@1.7.8\Editor\VisualScripting.Core\Dependencies\YamlDotNet\Unity.VisualScripting.YamlDotNet.dll
Symbol file LoadedFromMemory doesn't match image C:\SBU\UnityMyGame_01\MyGame01\Library\PackageCache\com.unity.visualscripting@1.7.8\Editor\VisualScripting.Core\Dependencies\DotNetZip\Unity.VisualScripting.IonicZip.dll
Native extension for WindowsStandalone target not found
Native extension for Android target not found
Refreshing native plugins compatible for Editor in 123.50 ms, found 3 plugins.
Preloading 0 native plugins for Editor in 0.00 ms.
Mono: successfully reloaded assembly
- Completed reload, in  1.627 seconds
Domain Reload Profiling:
	ReloadAssembly (1628ms)
		BeginReloadAssembly (258ms)
			ExecutionOrderSort (0ms)
			DisableScriptedObjects (5ms)
			BackupInstance (0ms)
			ReleaseScriptingObjects (0ms)
			CreateAndSetChildDomain (137ms)
		EndReloadAssembly (1236ms)
			LoadAssemblies (116ms)
			RebuildTransferFunctionScriptingTraits (0ms)
			SetupTypeCache (315ms)
			ReleaseScriptCaches (1ms)
			RebuildScriptCaches (85ms)
			SetupLoadedEditorAssemblies (712ms)
				LogAssemblyErrors (0ms)
				InitializePlatformSupportModulesInManaged (12ms)
				SetLoadedEditorAssemblies (0ms)
				RefreshPlugins (124ms)
				BeforeProcessingInitializeOnLoad (153ms)
				ProcessInitializeOnLoadAttributes (342ms)
				ProcessInitializeOnLoadMethodAttributes (73ms)
				AfterProcessingInitializeOnLoad (7ms)
				EditorAssembliesLoaded (0ms)
			ExecutionOrderSort2 (0ms)
			AwakeInstancesAfterBackupRestoration (5ms)
Platform modules already initialized, skipping
========================================================================
Worker process is ready to serve import requests
Launched and connected shader compiler UnityShaderCompiler.exe after 0.05 seconds
Refreshing native plugins compatible for Editor in 2.17 ms, found 3 plugins.
Preloading 0 native plugins for Editor in 0.00 ms.
Unloading 5704 Unused Serialized files (Serialized files now loaded: 0)
Unloading 72 unused Assets / (2.4 MB). Loaded Objects now: 6141.
Memory consumption went from 232.4 MB to 230.0 MB.
Total: 7.905700 ms (FindLiveObjects: 0.776600 ms CreateObjectMapping: 0.725500 ms MarkObjects: 5.305500 ms  DeleteObjects: 1.096700 ms)

AssetImportParameters requested are different than current active one (requested -> active):
  custom:video-decoder-ogg-theora: a1e56fd34408186e4bbccfd4996cb3dc -> 
  custom:container-muxer-webm: aa71ff27fc2769a1b78a27578f13a17b -> 
  custom:container-demuxer-webm: 4f35f7cbe854078d1ac9338744f61a02 -> 
  custom:video-encoder-webm-vp8: eb34c28f22e8b96e1ab97ce403110664 -> 
  custom:audio-encoder-webm-vorbis: bf7c407c2cedff20999df2af8eb42d56 -> 
  custom:framework-win-MediaFoundation: 216162199b28c13a410421893ffa2e32 -> 
  custom:container-demuxer-ogg: 62fdf1f143b41e24485cea50d1cbac27 -> 
  custom:video-decoder-webm-vp8: 9c59270c3fd7afecdb556c50c9e8de78 -> 
  custom:audio-decoder-ogg-vorbis: bf7c407c2cedff20999df2af8eb42d56 -> 
========================================================================
Received Import Request.
  Time since last request: 68764.015077 seconds.
  path: Assets/Objects/VoxelDungeonSet/Obj/door_frame.obj
  artifactKey: Guid(139d6f83b11144d4e896b85c00835b52) Importer(815301076,1909f56bfc062723c751e8b465ee728b)
Start importing Assets/Objects/VoxelDungeonSet/Obj/door_frame.obj using Guid(139d6f83b11144d4e896b85c00835b52) Importer(815301076,1909f56bfc062723c751e8b465ee728b)  -> (artifact id: 'fd8d62f927ea54bf03a63214c09bc247') in 0.411661 seconds 
========================================================================
Received Import Request.
  Time since last request: 0.354587 seconds.
  path: Assets/Objects/VoxelDungeonSet/Obj/key.obj
  artifactKey: Guid(d6622cc4f711e1c4bb3d56ecb6c3bbc0) Importer(815301076,1909f56bfc062723c751e8b465ee728b)
Start importing Assets/Objects/VoxelDungeonSet/Obj/key.obj using Guid(d6622cc4f711e1c4bb3d56ecb6c3bbc0) Importer(815301076,1909f56bfc062723c751e8b465ee728b)  -> (artifact id: '3a684cd1fa6d608821299ffb04b712cb') in 0.052008 seconds 
========================================================================
Received Import Request.
  Time since last request: 0.051674 seconds.
  path: Assets/Objects/VoxelDungeonSet/Obj/knight_statue.png
  artifactKey: Guid(0ecd799ce9ad95c4f8422da159f1fbe6) Importer(815301076,1909f56bfc062723c751e8b465ee728b)
Start importing Assets/Objects/VoxelDungeonSet/Obj/knight_statue.png using Guid(0ecd799ce9ad95c4f8422da159f1fbe6) Importer(815301076,1909f56bfc062723c751e8b465ee728b)  -> (artifact id: 'e501ef5603f2201ac9e4eac264064901') in 0.024796 seconds 
========================================================================
Received Import Request.
  Time since last request: 0.586215 seconds.
  path: Assets/Objects/VoxelDungeonSet/Obj/mana_potion.obj
  artifactKey: Guid(959b5f1d65b852b41b25ab23c0d06d93) Importer(815301076,1909f56bfc062723c751e8b465ee728b)
Start importing Assets/Objects/VoxelDungeonSet/Obj/mana_potion.obj using Guid(959b5f1d65b852b41b25ab23c0d06d93) Importer(815301076,1909f56bfc062723c751e8b465ee728b)  -> (artifact id: 'e371780bd4c1a668db116e2e4fc95085') in 0.046599 seconds 
========================================================================
Received Import Request.
  Time since last request: 0.000041 seconds.
  path: Assets/Objects/VoxelDungeonSet/Obj/pillar_thicc.obj
  artifactKey: Guid(2a4c0667b459b914396ccb6e797ac4fb) Importer(815301076,1909f56bfc062723c751e8b465ee728b)
Start importing Assets/Objects/VoxelDungeonSet/Obj/pillar_thicc.obj using Guid(2a4c0667b459b914396ccb6e797ac4fb) Importer(815301076,1909f56bfc062723c751e8b465ee728b)  -> (artifact id: '185266731180fe69859a897a0d43649d') in 0.036262 seconds 
========================================================================
Received Import Request.
  Time since last request: 0.000042 seconds.
  path: Assets/Objects/VoxelDungeonSet/Obj/roof_raised.obj
  artifactKey: Guid(6aa808d9a0046214bba41260408259c1) Importer(815301076,1909f56bfc062723c751e8b465ee728b)
Start importing Assets/Objects/VoxelDungeonSet/Obj/roof_raised.obj using Guid(6aa808d9a0046214bba41260408259c1) Importer(815301076,1909f56bfc062723c751e8b465ee728b)  -> (artifact id: '3a0723a321a42105a8832d8ef73e484f') in 0.035679 seconds 
========================================================================
Received Import Request.
  Time since last request: 0.000048 seconds.
  path: Assets/Objects/VoxelDungeonSet/Obj/shield.png
  artifactKey: Guid(1db438f32e2fb66428e47731f89f2ba8) Importer(815301076,1909f56bfc062723c751e8b465ee728b)
Start importing Assets/Objects/VoxelDungeonSet/Obj/shield.png using Guid(1db438f32e2fb66428e47731f89f2ba8) Importer(815301076,1909f56bfc062723c751e8b465ee728b)  -> (artifact id: '99acd4e9164e5527748548b896371c9c') in 0.014521 seconds 
========================================================================
Received Import Request.
  Time since last request: 0.312859 seconds.
  path: Assets/Objects/VoxelDungeonSet/Obj/spider.obj
  artifactKey: Guid(79f30d993ae4dec4dab3540ee4bfa838) Importer(815301076,1909f56bfc062723c751e8b465ee728b)
Start importing Assets/Objects/VoxelDungeonSet/Obj/spider.obj using Guid(79f30d993ae4dec4dab3540ee4bfa838) Importer(815301076,1909f56bfc062723c751e8b465ee728b)  -> (artifact id: '3836eafadb8d43979c96759b29d8e45c') in 0.048233 seconds 
========================================================================
Received Import Request.
  Time since last request: 0.169191 seconds.
  path: Assets/Objects/VoxelDungeonSet/Obj/sword.obj
  artifactKey: Guid(19fbde7742e584c4289be7e377f3dc52) Importer(815301076,1909f56bfc062723c751e8b465ee728b)
Start importing Assets/Objects/VoxelDungeonSet/Obj/sword.obj using Guid(19fbde7742e584c4289be7e377f3dc52) Importer(815301076,1909f56bfc062723c751e8b465ee728b)  -> (artifact id: '72cebfa17b8011857cd2b6d36c322745') in 0.034115 seconds 
========================================================================
Received Import Request.
  Time since last request: 0.490604 seconds.
  path: Assets/Objects/VoxelDungeonSet/Obj/table_2x2.png
  artifactKey: Guid(e3e7db87f4d5da54eb03a7d52bd2fc74) Importer(815301076,1909f56bfc062723c751e8b465ee728b)
Start importing Assets/Objects/VoxelDungeonSet/Obj/table_2x2.png using Guid(e3e7db87f4d5da54eb03a7d52bd2fc74) Importer(815301076,1909f56bfc062723c751e8b465ee728b)  -> (artifact id: 'bec9d49049c4981cf85e4f33e0400e5e') in 0.015348 seconds 
========================================================================
Received Import Request.
  Time since last request: 9.283114 seconds.
  path: Assets/Material/pillar_thicc.obj
  artifactKey: Guid(92a6886d1854190449d01971c430ff5e) Importer(815301076,1909f56bfc062723c751e8b465ee728b)
Start importing Assets/Material/pillar_thicc.obj using Guid(92a6886d1854190449d01971c430ff5e) Importer(815301076,1909f56bfc062723c751e8b465ee728b)  -> (artifact id: '83fb66a50ed8566bc2ee62bab2e5891c') in 0.079580 seconds 
========================================================================
Received Import Request.
  Time since last request: 18.719877 seconds.
  path: Assets/Material
  artifactKey: Guid(33db4a32f04d8404eb3b2f748be1f6ec) Importer(815301076,1909f56bfc062723c751e8b465ee728b)
Start importing Assets/Material using Guid(33db4a32f04d8404eb3b2f748be1f6ec) Importer(815301076,1909f56bfc062723c751e8b465ee728b)  -> (artifact id: '0c9c482681b8e081eaee56790d68a1c0') in 0.014341 seconds 
========================================================================
Received Import Request.
  Time since last request: 16.601127 seconds.
  path: Assets/Material/palette.mat
  artifactKey: Guid(9edd0d4294b9952419b0d3d4a47ff89e) Importer(815301076,1909f56bfc062723c751e8b465ee728b)
Start importing Assets/Material/palette.mat using Guid(9edd0d4294b9952419b0d3d4a47ff89e) Importer(815301076,1909f56bfc062723c751e8b465ee728b)  -> (artifact id: '9b8dcd2d3b7333514ed4dfae0a965410') in 0.027556 seconds 
========================================================================
Received Import Request.
  Time since last request: 11.043024 seconds.
  path: Assets/Objects/VoxelDungeonSet/Obj/table_fancy_2x2.obj
  artifactKey: Guid(7972d3b9aaeb54f4fbda9ab8edbc1769) Importer(815301076,1909f56bfc062723c751e8b465ee728b)
Start importing Assets/Objects/VoxelDungeonSet/Obj/table_fancy_2x2.obj using Guid(7972d3b9aaeb54f4fbda9ab8edbc1769) Importer(815301076,1909f56bfc062723c751e8b465ee728b)  -> (artifact id: '2a97e5fd0da2ba55db6b856a80ba2f5f') in 0.090979 seconds 
========================================================================
Received Import Request.
  Time since last request: 0.100694 seconds.
  path: Assets/Objects/VoxelDungeonSet/Obj/table_fancy_2x3.obj
  artifactKey: Guid(5663ccb633abc5a46b679cc4f7528007) Importer(815301076,1909f56bfc062723c751e8b465ee728b)
Start importing Assets/Objects/VoxelDungeonSet/Obj/table_fancy_2x3.obj using Guid(5663ccb633abc5a46b679cc4f7528007) Importer(815301076,1909f56bfc062723c751e8b465ee728b)  -> (artifact id: '0587a42a22864d9457fe206e9d707295') in 0.037086 seconds 
========================================================================
Received Import Request.
  Time since last request: 9.037090 seconds.
  path: Assets/Material/palette.mat
  artifactKey: Guid(9edd0d4294b9952419b0d3d4a47ff89e) Importer(815301076,1909f56bfc062723c751e8b465ee728b)
Start importing Assets/Material/palette.mat using Guid(9edd0d4294b9952419b0d3d4a47ff89e) Importer(815301076,1909f56bfc062723c751e8b465ee728b)  -> (artifact id: '43ffd18a944d05e3ed4d7bc8755c7117') in 0.032150 seconds 
========================================================================
Received Import Request.
  Time since last request: 12.780053 seconds.
  path: Assets/Material/palette_1.mat
  artifactKey: Guid(9edd0d4294b9952419b0d3d4a47ff89e) Importer(815301076,1909f56bfc062723c751e8b465ee728b)
Start importing Assets/Material/palette_1.mat using Guid(9edd0d4294b9952419b0d3d4a47ff89e) Importer(815301076,1909f56bfc062723c751e8b465ee728b)  -> (artifact id: '2eceb8a110ff4b3935197dca7e10c0c6') in 0.030555 seconds 
========================================================================
Received Import Request.
  Time since last request: 12.848634 seconds.
  path: Assets/Material/pillar_thicc.obj
  artifactKey: Guid(f9bac7dc5d80f424dbc3e6460ce3cbc1) Importer(815301076,1909f56bfc062723c751e8b465ee728b)
Start importing Assets/Material/pillar_thicc.obj using Guid(f9bac7dc5d80f424dbc3e6460ce3cbc1) Importer(815301076,1909f56bfc062723c751e8b465ee728b)  -> (artifact id: 'b7bbea4eea37a3731d5d84dae05f426f') in 0.067343 seconds 
========================================================================
Received Import Request.
  Time since last request: 17.949012 seconds.
  path: Assets/Objects/VoxelDungeonSet/Obj/tile_flat.png
  artifactKey: Guid(d92dd60bb4199bd489707d8e1eb0fe1d) Importer(815301076,1909f56bfc062723c751e8b465ee728b)
Start importing Assets/Objects/VoxelDungeonSet/Obj/tile_flat.png using Guid(d92dd60bb4199bd489707d8e1eb0fe1d) Importer(815301076,1909f56bfc062723c751e8b465ee728b)  -> (artifact id: '284141174359f6b798f62f395e74c634') in 0.015887 seconds 
========================================================================
Received Import Request.
  Time since last request: 8.457552 seconds.
  path: Assets/Material/palette.mat
  artifactKey: Guid(03435e4597f07ca4a926ad89e6f9d08b) Importer(815301076,1909f56bfc062723c751e8b465ee728b)
Start importing Assets/Material/palette.mat using Guid(03435e4597f07ca4a926ad89e6f9d08b) Importer(815301076,1909f56bfc062723c751e8b465ee728b)  -> (artifact id: 'ec52a70b9bcb647bceb1e2a54b5f5abc') in 0.022024 seconds 
========================================================================
Received Import Request.
  Time since last request: 11.128296 seconds.
  path: Assets/Material/palette_2.mat
  artifactKey: Guid(03435e4597f07ca4a926ad89e6f9d08b) Importer(815301076,1909f56bfc062723c751e8b465ee728b)
Start importing Assets/Material/palette_2.mat using Guid(03435e4597f07ca4a926ad89e6f9d08b) Importer(815301076,1909f56bfc062723c751e8b465ee728b)  -> (artifact id: '05d03422a72ece49638c83ccc7ad946e') in 0.028077 seconds 
========================================================================
Received Import Request.
  Time since last request: 75.632007 seconds.
  path: Assets/Material/palette_1.mat
  artifactKey: Guid(9edd0d4294b9952419b0d3d4a47ff89e) Importer(815301076,1909f56bfc062723c751e8b465ee728b)
Start importing Assets/Material/palette_1.mat using Guid(9edd0d4294b9952419b0d3d4a47ff89e) Importer(815301076,1909f56bfc062723c751e8b465ee728b)  -> (artifact id: 'c736b4ac31b2d5ea97b0aaa437638ac3') in 0.040819 seconds 
========================================================================
Received Import Request.
  Time since last request: 67.352834 seconds.
  path: Assets/Prefabs
  artifactKey: Guid(c8fe7d79f60b30b4cad648eb81d26830) Importer(815301076,1909f56bfc062723c751e8b465ee728b)
Start importing Assets/Prefabs using Guid(c8fe7d79f60b30b4cad648eb81d26830) Importer(815301076,1909f56bfc062723c751e8b465ee728b)  -> (artifact id: 'fec9c8b6bcef9589497921e98a560581') in 0.017165 seconds 
========================================================================
Received Import Request.
  Time since last request: 24.916736 seconds.
  path: Assets/Prefabs/MAP.prefab
  artifactKey: Guid(a388d4ee2a3b68046a21160c9eead4d0) Importer(815301076,1909f56bfc062723c751e8b465ee728b)
Start importing Assets/Prefabs/MAP.prefab using Guid(a388d4ee2a3b68046a21160c9eead4d0) Importer(815301076,1909f56bfc062723c751e8b465ee728b)  -> (artifact id: '84a4fa9c6eeb0c6ffd5ff9f29cdd1fad') in 0.051441 seconds 
========================================================================
Received Import Request.
  Time since last request: 2.576708 seconds.
  path: Assets/Prefabs/MAP.prefab
  artifactKey: Guid(a388d4ee2a3b68046a21160c9eead4d0) Importer(815301076,1909f56bfc062723c751e8b465ee728b)
Start importing Assets/Prefabs/MAP.prefab using Guid(a388d4ee2a3b68046a21160c9eead4d0) Importer(815301076,1909f56bfc062723c751e8b465ee728b)  -> (artifact id: '0f43b69707927d0b10126ab5fba58a25') in 0.044205 seconds 
========================================================================
Received Prepare
Registering precompiled user dll's ...
Registered in 0.008204 seconds.
Begin MonoManager ReloadAssembly
Symbol file LoadedFromMemory doesn't match image C:\SBU\UnityMyGame_01\MyGame01\Library\PackageCache\com.unity.visualscripting@1.7.8\Editor\VisualScripting.Core\Dependencies\YamlDotNet\Unity.VisualScripting.YamlDotNet.dll
Symbol file LoadedFromMemory doesn't match image C:\SBU\UnityMyGame_01\MyGame01\Library\PackageCache\com.unity.visualscripting@1.7.8\Editor\VisualScripting.Core\Dependencies\DotNetZip\Unity.VisualScripting.IonicZip.dll
Native extension for WindowsStandalone target not found
Native extension for Android target not found
Refreshing native plugins compatible for Editor in 2.08 ms, found 3 plugins.
Preloading 0 native plugins for Editor in 0.00 ms.
Mono: successfully reloaded assembly
- Completed reload, in  1.559 seconds
Domain Reload Profiling:
	ReloadAssembly (1560ms)
		BeginReloadAssembly (178ms)
			ExecutionOrderSort (0ms)
			DisableScriptedObjects (8ms)
			BackupInstance (0ms)
			ReleaseScriptingObjects (0ms)
			CreateAndSetChildDomain (55ms)
		EndReloadAssembly (1266ms)
			LoadAssemblies (107ms)
			RebuildTransferFunctionScriptingTraits (0ms)
			SetupTypeCache (375ms)
			ReleaseScriptCaches (3ms)
			RebuildScriptCaches (73ms)
			SetupLoadedEditorAssemblies (599ms)
				LogAssemblyErrors (0ms)
				InitializePlatformSupportModulesInManaged (27ms)
				SetLoadedEditorAssemblies (1ms)
				RefreshPlugins (2ms)
				BeforeProcessingInitializeOnLoad (104ms)
				ProcessInitializeOnLoadAttributes (359ms)
				ProcessInitializeOnLoadMethodAttributes (97ms)
				AfterProcessingInitializeOnLoad (9ms)
				EditorAssembliesLoaded (0ms)
			ExecutionOrderSort2 (0ms)
			AwakeInstancesAfterBackupRestoration (29ms)
Platform modules already initialized, skipping
Refreshing native plugins compatible for Editor in 4.97 ms, found 3 plugins.
Preloading 0 native plugins for Editor in 0.00 ms.
Unloading 5569 Unused Serialized files (Serialized files now loaded: 0)
Unloading 51 unused Assets / (2.4 MB). Loaded Objects now: 6254.
Memory consumption went from 233.3 MB to 231.0 MB.
Total: 6.999900 ms (FindLiveObjects: 0.607700 ms CreateObjectMapping: 0.553800 ms MarkObjects: 4.802400 ms  DeleteObjects: 1.035100 ms)

AssetImportParameters requested are different than current active one (requested -> active):
  custom:video-decoder-ogg-theora: a1e56fd34408186e4bbccfd4996cb3dc -> 
  custom:container-muxer-webm: aa71ff27fc2769a1b78a27578f13a17b -> 
  custom:container-demuxer-webm: 4f35f7cbe854078d1ac9338744f61a02 -> 
  custom:video-encoder-webm-vp8: eb34c28f22e8b96e1ab97ce403110664 -> 
  custom:audio-encoder-webm-vorbis: bf7c407c2cedff20999df2af8eb42d56 -> 
  custom:framework-win-MediaFoundation: 216162199b28c13a410421893ffa2e32 -> 
  custom:container-demuxer-ogg: 62fdf1f143b41e24485cea50d1cbac27 -> 
  custom:video-decoder-webm-vp8: 9c59270c3fd7afecdb556c50c9e8de78 -> 
  custom:audio-decoder-ogg-vorbis: bf7c407c2cedff20999df2af8eb42d56 -> 
========================================================================
Received Import Request.
  Time since last request: 57.991360 seconds.
  path: Assets/Prefabs/MAP.prefab
  artifactKey: Guid(a388d4ee2a3b68046a21160c9eead4d0) Importer(815301076,1909f56bfc062723c751e8b465ee728b)
Start importing Assets/Prefabs/MAP.prefab using Guid(a388d4ee2a3b68046a21160c9eead4d0) Importer(815301076,1909f56bfc062723c751e8b465ee728b)  -> (artifact id: '0b60722d91e3f00bd478974a52dac1c6') in 0.227072 seconds 
========================================================================
Received Import Request.
  Time since last request: 6.469435 seconds.
  path: Assets/Prefabs/MAP.prefab
  artifactKey: Guid(a388d4ee2a3b68046a21160c9eead4d0) Importer(815301076,1909f56bfc062723c751e8b465ee728b)
Start importing Assets/Prefabs/MAP.prefab using Guid(a388d4ee2a3b68046a21160c9eead4d0) Importer(815301076,1909f56bfc062723c751e8b465ee728b)  -> (artifact id: 'b841e0ffea9f43957db3c5513777cd90') in 0.040787 seconds 
========================================================================
Received Import Request.
  Time since last request: 2.788492 seconds.
  path: Assets/Prefabs/MAP.prefab
  artifactKey: Guid(a388d4ee2a3b68046a21160c9eead4d0) Importer(815301076,1909f56bfc062723c751e8b465ee728b)
Start importing Assets/Prefabs/MAP.prefab using Guid(a388d4ee2a3b68046a21160c9eead4d0) Importer(815301076,1909f56bfc062723c751e8b465ee728b)  -> (artifact id: 'e8ad7b72e9ccae3d9519ba25b7b5e979') in 0.038395 seconds 
========================================================================
Received Import Request.
  Time since last request: 14.720554 seconds.
  path: Assets/Prefabs/MAP.prefab
  artifactKey: Guid(a388d4ee2a3b68046a21160c9eead4d0) Importer(815301076,1909f56bfc062723c751e8b465ee728b)
Start importing Assets/Prefabs/MAP.prefab using Guid(a388d4ee2a3b68046a21160c9eead4d0) Importer(815301076,1909f56bfc062723c751e8b465ee728b)  -> (artifact id: 'fb37536e7684f835a83e6ce4786ede5e') in 0.047422 seconds 
========================================================================
Received Import Request.
  Time since last request: 7.239124 seconds.
  path: Assets/Prefabs/MAP.prefab
  artifactKey: Guid(a388d4ee2a3b68046a21160c9eead4d0) Importer(815301076,1909f56bfc062723c751e8b465ee728b)
Start importing Assets/Prefabs/MAP.prefab using Guid(a388d4ee2a3b68046a21160c9eead4d0) Importer(815301076,1909f56bfc062723c751e8b465ee728b)  -> (artifact id: 'f3bccc5f28828d953760ab705b0820bd') in 0.042303 seconds 
========================================================================
Received Import Request.
  Time since last request: 2.584687 seconds.
  path: Assets/Prefabs/MAP.prefab
  artifactKey: Guid(a388d4ee2a3b68046a21160c9eead4d0) Importer(815301076,1909f56bfc062723c751e8b465ee728b)
Start importing Assets/Prefabs/MAP.prefab using Guid(a388d4ee2a3b68046a21160c9eead4d0) Importer(815301076,1909f56bfc062723c751e8b465ee728b)  -> (artifact id: '90390c9569b9db7706189b1bd240a4cc') in 0.039264 seconds 
========================================================================
Received Import Request.
  Time since last request: 1.771680 seconds.
  path: Assets/Prefabs/MAP.prefab
  artifactKey: Guid(a388d4ee2a3b68046a21160c9eead4d0) Importer(815301076,1909f56bfc062723c751e8b465ee728b)
Start importing Assets/Prefabs/MAP.prefab using Guid(a388d4ee2a3b68046a21160c9eead4d0) Importer(815301076,1909f56bfc062723c751e8b465ee728b)  -> (artifact id: '4310bde5b8223fff281aede5af5a8f41') in 0.054821 seconds 
========================================================================
Received Import Request.
  Time since last request: 3.573739 seconds.
  path: Assets/Prefabs/MAP.prefab
  artifactKey: Guid(a388d4ee2a3b68046a21160c9eead4d0) Importer(815301076,1909f56bfc062723c751e8b465ee728b)
Start importing Assets/Prefabs/MAP.prefab using Guid(a388d4ee2a3b68046a21160c9eead4d0) Importer(815301076,1909f56bfc062723c751e8b465ee728b)  -> (artifact id: '4967b52fc4ddb4a5c44feb4bf446d253') in 0.052240 seconds 
========================================================================
Received Import Request.
  Time since last request: 9.553864 seconds.
  path: Assets/Prefabs/MAP.prefab
  artifactKey: Guid(a388d4ee2a3b68046a21160c9eead4d0) Importer(815301076,1909f56bfc062723c751e8b465ee728b)
Start importing Assets/Prefabs/MAP.prefab using Guid(a388d4ee2a3b68046a21160c9eead4d0) Importer(815301076,1909f56bfc062723c751e8b465ee728b)  -> (artifact id: '87f3cabcdf17b0a6cb879112dc9ec828') in 0.045756 seconds 
========================================================================
Received Import Request.
  Time since last request: 16.248982 seconds.
  path: Assets/Prefabs/MAP.prefab
  artifactKey: Guid(a388d4ee2a3b68046a21160c9eead4d0) Importer(815301076,1909f56bfc062723c751e8b465ee728b)
Start importing Assets/Prefabs/MAP.prefab using Guid(a388d4ee2a3b68046a21160c9eead4d0) Importer(815301076,1909f56bfc062723c751e8b465ee728b)  -> (artifact id: 'dda5cb4b4a5609facea48c71d48c75fe') in 0.059119 seconds 
========================================================================
Received Import Request.
  Time since last request: 4.188430 seconds.
  path: Assets/Prefabs/MAP.prefab
  artifactKey: Guid(a388d4ee2a3b68046a21160c9eead4d0) Importer(815301076,1909f56bfc062723c751e8b465ee728b)
Start importing Assets/Prefabs/MAP.prefab using Guid(a388d4ee2a3b68046a21160c9eead4d0) Importer(815301076,1909f56bfc062723c751e8b465ee728b)  -> (artifact id: 'c81e08cbdbb7e3d9b92eaadd4f0d8904') in 0.054884 seconds 
========================================================================
Received Import Request.
  Time since last request: 2.137044 seconds.
  path: Assets/Prefabs/MAP.prefab
  artifactKey: Guid(a388d4ee2a3b68046a21160c9eead4d0) Importer(815301076,1909f56bfc062723c751e8b465ee728b)
Start importing Assets/Prefabs/MAP.prefab using Guid(a388d4ee2a3b68046a21160c9eead4d0) Importer(815301076,1909f56bfc062723c751e8b465ee728b)  -> (artifact id: 'b7f662da57e70eb246b071ecb7961111') in 0.036911 seconds 
========================================================================
Received Import Request.
  Time since last request: 2.806714 seconds.
  path: Assets/Prefabs/MAP.prefab
  artifactKey: Guid(a388d4ee2a3b68046a21160c9eead4d0) Importer(815301076,1909f56bfc062723c751e8b465ee728b)
Start importing Assets/Prefabs/MAP.prefab using Guid(a388d4ee2a3b68046a21160c9eead4d0) Importer(815301076,1909f56bfc062723c751e8b465ee728b)  -> (artifact id: '88dec0dd3e714b5da456aae5c88a0162') in 0.046273 seconds 
========================================================================
Received Import Request.
  Time since last request: 12.104781 seconds.
  path: Assets/Prefabs/MAP.prefab
  artifactKey: Guid(a388d4ee2a3b68046a21160c9eead4d0) Importer(815301076,1909f56bfc062723c751e8b465ee728b)
Start importing Assets/Prefabs/MAP.prefab using Guid(a388d4ee2a3b68046a21160c9eead4d0) Importer(815301076,1909f56bfc062723c751e8b465ee728b)  -> (artifact id: 'd452bb807b81f5d56c37308188f40e65') in 0.046969 seconds 
========================================================================
Received Import Request.
  Time since last request: 9.168252 seconds.
  path: ProjectSettings/TagManager.asset
  artifactKey: Guid(00000000000000003000000000000000) Importer(815301076,1909f56bfc062723c751e8b465ee728b)
Start importing ProjectSettings/TagManager.asset using Guid(00000000000000003000000000000000) Importer(815301076,1909f56bfc062723c751e8b465ee728b)  -> (artifact id: 'b7b1c11c8f34bddbf5b39e89aef05ce1') in 0.016722 seconds 
========================================================================
Received Import Request.
  Time since last request: 71.381588 seconds.
  path: Assets/Prefabs/MAP.prefab
  artifactKey: Guid(a388d4ee2a3b68046a21160c9eead4d0) Importer(815301076,1909f56bfc062723c751e8b465ee728b)
Start importing Assets/Prefabs/MAP.prefab using Guid(a388d4ee2a3b68046a21160c9eead4d0) Importer(815301076,1909f56bfc062723c751e8b465ee728b)  -> (artifact id: '6a7cc9fe58dee59613a2dc6e7e866e9a') in 0.041498 seconds 
========================================================================
Received Import Request.
  Time since last request: 39.989669 seconds.
  path: Assets/Prefabs/MAP.prefab
  artifactKey: Guid(a388d4ee2a3b68046a21160c9eead4d0) Importer(815301076,1909f56bfc062723c751e8b465ee728b)
Start importing Assets/Prefabs/MAP.prefab using Guid(a388d4ee2a3b68046a21160c9eead4d0) Importer(815301076,1909f56bfc062723c751e8b465ee728b)  -> (artifact id: '8760c0b17afbf7bf1fe96222daf722c8') in 0.039590 seconds 
========================================================================
Received Import Request.
  Time since last request: 9.894250 seconds.
  path: Assets/Prefabs/MAP.prefab
  artifactKey: Guid(a388d4ee2a3b68046a21160c9eead4d0) Importer(815301076,1909f56bfc062723c751e8b465ee728b)
Start importing Assets/Prefabs/MAP.prefab using Guid(a388d4ee2a3b68046a21160c9eead4d0) Importer(815301076,1909f56bfc062723c751e8b465ee728b)  -> (artifact id: 'f5641e76add221723443960e0e638b4d') in 0.042712 seconds 
========================================================================
Received Prepare
Registering precompiled user dll's ...
Registered in 0.006342 seconds.
Begin MonoManager ReloadAssembly
Symbol file LoadedFromMemory doesn't match image C:\SBU\UnityMyGame_01\MyGame01\Library\PackageCache\com.unity.visualscripting@1.7.8\Editor\VisualScripting.Core\Dependencies\YamlDotNet\Unity.VisualScripting.YamlDotNet.dll
Symbol file LoadedFromMemory doesn't match image C:\SBU\UnityMyGame_01\MyGame01\Library\PackageCache\com.unity.visualscripting@1.7.8\Editor\VisualScripting.Core\Dependencies\DotNetZip\Unity.VisualScripting.IonicZip.dll
Native extension for WindowsStandalone target not found
Native extension for Android target not found
Refreshing native plugins compatible for Editor in 2.17 ms, found 3 plugins.
Preloading 0 native plugins for Editor in 0.00 ms.
Mono: successfully reloaded assembly
- Completed reload, in  1.655 seconds
Domain Reload Profiling:
	ReloadAssembly (1656ms)
		BeginReloadAssembly (253ms)
			ExecutionOrderSort (0ms)
			DisableScriptedObjects (7ms)
			BackupInstance (0ms)
			ReleaseScriptingObjects (0ms)
			CreateAndSetChildDomain (86ms)
		EndReloadAssembly (1286ms)
			LoadAssemblies (156ms)
			RebuildTransferFunctionScriptingTraits (0ms)
			SetupTypeCache (401ms)
			ReleaseScriptCaches (3ms)
			RebuildScriptCaches (67ms)
			SetupLoadedEditorAssemblies (578ms)
				LogAssemblyErrors (0ms)
				InitializePlatformSupportModulesInManaged (26ms)
				SetLoadedEditorAssemblies (1ms)
				RefreshPlugins (2ms)
				BeforeProcessingInitializeOnLoad (102ms)
				ProcessInitializeOnLoadAttributes (339ms)
				ProcessInitializeOnLoadMethodAttributes (100ms)
				AfterProcessingInitializeOnLoad (8ms)
				EditorAssembliesLoaded (0ms)
			ExecutionOrderSort2 (0ms)
			AwakeInstancesAfterBackupRestoration (27ms)
Platform modules already initialized, skipping
Refreshing native plugins compatible for Editor in 4.12 ms, found 3 plugins.
Preloading 0 native plugins for Editor in 0.00 ms.
Unloading 5569 Unused Serialized files (Serialized files now loaded: 0)
Unloading 52 unused Assets / (2.4 MB). Loaded Objects now: 6310.
Memory consumption went from 233.7 MB to 231.3 MB.
Total: 6.573300 ms (FindLiveObjects: 0.835000 ms CreateObjectMapping: 0.706200 ms MarkObjects: 4.110100 ms  DeleteObjects: 0.920600 ms)

AssetImportParameters requested are different than current active one (requested -> active):
  custom:video-decoder-ogg-theora: a1e56fd34408186e4bbccfd4996cb3dc -> 
  custom:container-muxer-webm: aa71ff27fc2769a1b78a27578f13a17b -> 
  custom:container-demuxer-webm: 4f35f7cbe854078d1ac9338744f61a02 -> 
  custom:video-encoder-webm-vp8: eb34c28f22e8b96e1ab97ce403110664 -> 
  custom:audio-encoder-webm-vorbis: bf7c407c2cedff20999df2af8eb42d56 -> 
  custom:framework-win-MediaFoundation: 216162199b28c13a410421893ffa2e32 -> 
  custom:container-demuxer-ogg: 62fdf1f143b41e24485cea50d1cbac27 -> 
  custom:video-decoder-webm-vp8: 9c59270c3fd7afecdb556c50c9e8de78 -> 
  custom:audio-decoder-ogg-vorbis: bf7c407c2cedff20999df2af8eb42d56 -> 
